0 info it worked if it ends with ok
1 verbose cli [ 'C:\\Program Files\\nodejs\\node.exe',
1 verbose cli   'C:\\Program Files\\nodejs\\node_modules\\npm\\bin\\npm-cli.js',
1 verbose cli   'publish' ]
2 info using npm@4.1.2
3 info using node@v7.5.0
4 verbose publish [ '.' ]
5 silly cache add args [ '.', null ]
6 verbose cache add spec .
7 silly cache add parsed spec Result {
7 silly cache add   raw: '.',
7 silly cache add   scope: null,
7 silly cache add   escapedName: null,
7 silly cache add   name: null,
7 silly cache add   rawSpec: '.',
7 silly cache add   spec: 'H:\\_Coding\\_projects\\node-pe-sections',
7 silly cache add   type: 'directory' }
8 verbose addLocalDirectory C:\Users\aequabit\AppData\Roaming\npm-cache\pe-sections\1.0.0\package.tgz not in flight; packing
9 verbose correctMkdir C:\Users\aequabit\AppData\Roaming\npm-cache correctMkdir not in flight; initializing
10 info lifecycle pe-sections@1.0.0~prepublish: pe-sections@1.0.0
11 silly lifecycle pe-sections@1.0.0~prepublish: no script for prepublish, continuing
12 info lifecycle pe-sections@1.0.0~prepare: pe-sections@1.0.0
13 silly lifecycle pe-sections@1.0.0~prepare: no script for prepare, continuing
14 verbose tar pack [ 'C:\\Users\\aequabit\\AppData\\Roaming\\npm-cache\\pe-sections\\1.0.0\\package.tgz',
14 verbose tar pack   'H:\\_Coding\\_projects\\node-pe-sections' ]
15 verbose tarball C:\Users\aequabit\AppData\Roaming\npm-cache\pe-sections\1.0.0\package.tgz
16 verbose folder H:\_Coding\_projects\node-pe-sections
17 verbose addLocalTarball adding from inside cache C:\Users\aequabit\AppData\Roaming\npm-cache\pe-sections\1.0.0\package.tgz
18 verbose correctMkdir C:\Users\aequabit\AppData\Roaming\npm-cache correctMkdir not in flight; initializing
19 silly cache afterAdd pe-sections@1.0.0
20 verbose afterAdd C:\Users\aequabit\AppData\Roaming\npm-cache\pe-sections\1.0.0\package\package.json not in flight; writing
21 verbose correctMkdir C:\Users\aequabit\AppData\Roaming\npm-cache correctMkdir not in flight; initializing
22 verbose afterAdd C:\Users\aequabit\AppData\Roaming\npm-cache\pe-sections\1.0.0\package\package.json written
23 silly publish { name: 'pe-sections',
23 silly publish   version: '1.0.0',
23 silly publish   description: 'Module to get section names from a PE file.',
23 silly publish   main: 'pe-headers.js',
23 silly publish   author: { name: 'aequabit' },
23 silly publish   license: 'MIT',
23 silly publish   gypfile: true,
23 silly publish   repository:
23 silly publish    { type: 'git',
23 silly publish      url: 'git+https://github.com/aequabit/node-pe-sections.git' },
23 silly publish   dependencies: { bindings: '~1.2.1' },
23 silly publish   scripts: { install: 'node-gyp rebuild' },
23 silly publish   readme: '# pe-sections\r\n\r\nC++ PE classes by ToxicOverflow aka Lasertrap',
23 silly publish   readmeFilename: 'README.md',
23 silly publish   gitHead: '1f873a2b808390d8ae818f11c93a3dc33e1817cd',
23 silly publish   bugs: { url: 'https://github.com/aequabit/node-pe-sections/issues' },
23 silly publish   homepage: 'https://github.com/aequabit/node-pe-sections#readme',
23 silly publish   _id: 'pe-sections@1.0.0',
23 silly publish   _shasum: '4119068da3c661062ff71a0f8bfe1b6b8f5acc92',
23 silly publish   _from: '.' }
24 info lifecycle pe-sections@1.0.0~prepublishOnly: pe-sections@1.0.0
25 silly lifecycle pe-sections@1.0.0~prepublishOnly: no script for prepublishOnly, continuing
26 verbose getPublishConfig undefined
27 silly mapToRegistry name pe-sections
28 silly mapToRegistry using default registry
29 silly mapToRegistry registry https://registry.npmjs.org/
30 silly mapToRegistry data Result {
30 silly mapToRegistry   raw: 'pe-sections',
30 silly mapToRegistry   scope: null,
30 silly mapToRegistry   escapedName: 'pe-sections',
30 silly mapToRegistry   name: 'pe-sections',
30 silly mapToRegistry   rawSpec: '',
30 silly mapToRegistry   spec: 'latest',
30 silly mapToRegistry   type: 'tag' }
31 silly mapToRegistry uri https://registry.npmjs.org/pe-sections
32 verbose publish registryBase https://registry.npmjs.org/
33 silly publish uploading C:\Users\aequabit\AppData\Roaming\npm-cache\pe-sections\1.0.0\package.tgz
34 verbose request uri https://registry.npmjs.org/pe-sections
35 verbose request sending authorization for write operation
36 info attempt registry request try #1 at 03:01:33
37 verbose request using bearer token for auth
38 verbose request id 30607645205e9903
39 http request PUT https://registry.npmjs.org/pe-sections
40 http 403 https://registry.npmjs.org/pe-sections
41 verbose headers { 'content-type': 'application/json',
41 verbose headers   'cache-control': 'max-age=300',
41 verbose headers   'content-length': '95',
41 verbose headers   'accept-ranges': 'bytes',
41 verbose headers   date: 'Mon, 03 Jul 2017 01:01:34 GMT',
41 verbose headers   via: '1.1 varnish',
41 verbose headers   connection: 'keep-alive',
41 verbose headers   'x-served-by': 'cache-hhn1544-HHN',
41 verbose headers   'x-cache': 'MISS',
41 verbose headers   'x-cache-hits': '0',
41 verbose headers   'x-timer': 'S1499043694.002673,VS0,VE855',
41 verbose headers   vary: 'Accept-Encoding' }
42 verbose request invalidating C:\Users\aequabit\AppData\Roaming\npm-cache\registry.npmjs.org\pe-sections on PUT
43 error publish Failed PUT 403
44 verbose stack Error: "You cannot publish over the previously published version 1.0.0." : pe-sections
44 verbose stack     at makeError (C:\Program Files\nodejs\node_modules\npm\node_modules\npm-registry-client\lib\request.js:304:12)
44 verbose stack     at CachingRegistryClient.<anonymous> (C:\Program Files\nodejs\node_modules\npm\node_modules\npm-registry-client\lib\request.js:292:14)
44 verbose stack     at Request._callback (C:\Program Files\nodejs\node_modules\npm\node_modules\npm-registry-client\lib\request.js:212:14)
44 verbose stack     at Request.self.callback (C:\Program Files\nodejs\node_modules\npm\node_modules\request\request.js:186:22)
44 verbose stack     at emitTwo (events.js:106:13)
44 verbose stack     at Request.emit (events.js:192:7)
44 verbose stack     at Request.<anonymous> (C:\Program Files\nodejs\node_modules\npm\node_modules\request\request.js:1081:10)
44 verbose stack     at emitOne (events.js:96:13)
44 verbose stack     at Request.emit (events.js:189:7)
44 verbose stack     at IncomingMessage.<anonymous> (C:\Program Files\nodejs\node_modules\npm\node_modules\request\request.js:1001:12)
45 verbose statusCode 403
46 verbose pkgid pe-sections
47 verbose cwd H:\_Coding\_projects\node-pe-sections
48 error Windows_NT 6.1.7601
49 error argv "C:\\Program Files\\nodejs\\node.exe" "C:\\Program Files\\nodejs\\node_modules\\npm\\bin\\npm-cli.js" "publish"
50 error node v7.5.0
51 error npm  v4.1.2
52 error code E403
53 error "You cannot publish over the previously published version 1.0.0." : pe-sections
54 error If you need help, you may report this error at:
54 error     <https://github.com/npm/npm/issues>
55 verbose exit [ 1, true ]
